[1/1487] 19f4c25e-4bb9-4849-affa-97e510ba62a9 (~3953tok)
[2/1487] bf599de7-7b77-4a09-88f9-5ee753cc2e5e (~3953tok)
[3/1487] f371d39a-9b52-408e-adfa-c303a7abc4e7 (~3856tok)
[4/1487] 9e88dbc0-14da-4bd2-b672-496f3e2f6af6 (~3820tok)
[5/1487] de2c8619-0e52-4c9d-b838-a9b751884f2f (~3775tok)
[6/1487] cb56bde0-417c-486f-a764-a3b01b3f2732 (~3724tok)
[7/1487] f0b652fe-09b3-4250-a06e-0af1b22385c2 (~3646tok)
[8/1487] d0abd83d-1a91-4b30-8dc6-d94a9e247a2f (~3629tok)
[9/1487] cb03f562-5e85-4930-a923-515652983700 (~3590tok)
[10/1487] 9ac65fa7-6ac5-4348-b045-e9a9e8a33ffc (~3549tok)
[11/1487] d0682957-100d-4fd9-96aa-3daf3d125794 (~3532tok)
[12/1487] d93175b4-1347-496c-8eb3-53e1eea4057e (~3528tok)
[13/1487] 83de4318-661a-4880-b718-6bb1a5fbb039 (~3454tok)
[14/1487] cb1fddea-ad71-4127-9691-63c432ab52f9 (~3454tok)
[15/1487] cfd506c9-59d3-4130-9190-9319d5708766 (~3439tok)
[16/1487] 7ff2c294-8273-4cec-9a1a-2e8b01c153c6 (~3408tok)
[17/1487] 1cf3c0e8-ea3c-48c6-9661-91229b4f30b5 (~3307tok)
[18/1487] d96dcbd2-c704-42d8-b635-6628a2ec2419 (~3280tok)
[19/1487] 2d7f7221-a753-49f8-8a58-13afbd639c57 (~3249tok)
[20/1487] 777ee6fc-0233-40e9-89a3-55c2bf5c8e2a (~3246tok)
[21/1487] 95684577-276f-4a78-b47a-e8dc57aba4b7 (~3179tok)
[22/1487] f18c302e-2285-4215-9da5-f39033cb3b00 (~3158tok)
[23/1487] abc3fbd9-f346-445a-b66b-793bdfa33a59 (~3157tok)
[24/1487] b9289ea7-c51b-4e36-aa4b-84053a7293f1 (~3145tok)
[25/1487] 69d4219f-da45-470c-a922-1906bc33354a (~3125tok)
[26/1487] 8603fec5-26ec-4d06-b349-76f332110162 (~3120tok)
[27/1487] c6606397-bd9e-4120-b74f-c9f2b7d4cd08 (~3063tok)
[28/1487] 68053d3f-dbcb-465c-8b43-89f75ede0daa (~2907tok)
[29/1487] cfb4a9c6-3ae9-4fc2-ba1c-65ea98695fac (~2866tok)
[30/1487] 01851853-720d-4a3e-a4df-3ae8f51d881c (~2835tok)
[31/1487] 59986f51-2272-468e-afd5-3d6a1bf000db (~2813tok)
[32/1487] e81cfc27-f746-47f8-987c-2fde4903eac9 (~2808tok)
[33/1487] 9e048996-899c-4a54-bd34-6b1000eac816 (~2796tok)
[34/1487] 86fa0490-a7ac-42fc-b072-8f830f9773ca (~2744tok)
[35/1487] 0cc24731-b1ce-4306-b578-bfb04e459d93 (~2743tok)
[36/1487] 5bfc7c21-a99e-48bc-a83d-dafed000219c (~2651tok)
[37/1487] 1328c305-46c6-44b2-b544-3a5857af9f17 (~2636tok)
[38/1487] 2156e16e-b2f5-4d1a-94a2-47e23c1550ee (~2613tok)
[39/1487] 719a262a-0e3f-42d0-9564-a96caf0abd22 (~2607tok)
[40/1487] 97ab8aa0-2040-4c5f-bfaa-6fdf5aa6ae8a (~2574tok)
[41/1487] 67742b28-3fe3-433b-beed-ac43e1bb9b2e (~2539tok)
[42/1487] 220e7e25-34c9-45e5-bfbf-f1a5f0d667c8 (~2509tok)
[43/1487] 7a8b4eb9-4d5b-4f8f-b502-f7b02b2efecd (~2509tok)
[44/1487] 3da2197c-2449-4748-861d-a41e64de3656 (~2504tok)
[45/1487] 1f40dc39-6c28-4c37-a72a-94e9e2a67796 (~2488tok)
[46/1487] 4a24fd0d-a50f-4247-a5c4-91085431be93 (~2396tok)
[47/1487] ebdcf64d-6da1-4829-8707-5fe02d5cdef2 (~2373tok)
[48/1487] eb262e04-a014-405f-90c8-99386e806f97 (~2362tok)
[49/1487] 57e19c74-97fe-4565-8619-9b15f7193508 (~2359tok)
[50/1487] 44bf27f2-9100-439d-9322-a278431528f4 (~2355tok)
[51/1487] db981855-f0ea-44bd-8650-9b0fed4a3e84 (~2336tok)
[52/1487] 44e570a9-678b-495f-8ed8-e0533960e481 (~2321tok)
[53/1487] b1f0fc0d-bbd4-4457-900a-1ac5b67977ff (~2306tok)
[54/1487] b845750f-1ee6-4dc5-ba8e-f5bd34adbe65 (~2299tok)
[55/1487] 15e3bdf0-c696-4b0d-9695-41c2dde36b30 (~2298tok)
[56/1487] 5029803d-e4e7-4a47-b385-2803e17683f5 (~2287tok)
[57/1487] 2e461557-232b-4e22-83d5-4e221dcf0a50 (~2278tok)
[58/1487] d7461321-b07f-4f64-b15b-167270968904 (~2256tok)
[59/1487] d59a1ed8-d6fb-47a1-9bcc-9741ab574e2e (~2228tok)
[60/1487] 0c0ee2ad-2b64-41c2-87be-54777648f950 (~2210tok)
[61/1487] 3485f19f-18f1-468f-8ba4-17237bd5f608 (~2188tok)
[62/1487] c2027ee7-209c-4978-827c-97c001190d56 (~2149tok)
[63/1487] 840086df-980d-4725-a380-62310dc692a8 (~2136tok)
[64/1487] a925cf52-6855-4138-832b-d50712ba6c4b (~2128tok)
[65/1487] 48c14062-0295-41e5-9758-0854f8ff7dfd (~2123tok)
[66/1487] 68372938-624f-4d0e-a94a-4990c0ef827f (~2121tok)
[67/1487] 4112797c-07fc-461f-8094-2748fa96264d (~2111tok)
[68/1487] 90cca20c-4a9e-407b-a562-fbec10aca54e (~2088tok)
[69/1487] 5313f5a7-7f7c-4fe6-88c7-3d47c04cff45 (~2084tok)
[70/1487] c4564424-84b6-4b35-acd9-ff305a3fe301 (~2059tok)
[71/1487] cd5ae9af-3026-4532-b294-6630e92f1645 (~2051tok)
[72/1487] 00900d8b-c346-4aae-8159-8ee0cef32d8a (~2050tok)
[73/1487] 4e6fe80a-787a-4793-b83e-dbec0ca8e8c6 (~2045tok)
[74/1487] e6501b68-0391-4ce0-a4b4-8072c28a8d03 (~2045tok)
[75/1487] a31c1024-163e-4c33-8333-c4b96909190c (~1996tok)
[76/1487] 6b622e6d-bfc6-4b32-9cf1-578cf7e569df (~1975tok)
[77/1487] a1533b4d-949f-4371-9fa7-be34a1acbcef (~1974tok)
[78/1487] eeff6387-3d54-41f1-8e78-668c59cad753 (~1956tok)
[79/1487] 7f59157a-fc77-4aa8-86df-2ec785a8135f (~1917tok)
[80/1487] 178a2da7-834b-40a5-8b86-91769dc57124 (~1901tok)
[81/1487] 0a79bfe1-150d-40b5-ac4f-218cd338d803 (~1893tok)
[82/1487] e7815aa2-e5f8-43f2-9f97-4676b957e572 (~1892tok)
[83/1487] 8b584f44-fc6e-41be-a341-9b2a6f18bee9 (~1886tok)
[84/1487] 5d0ae943-7225-4e1c-8911-094d0979f72c (~1878tok)
[85/1487] 13815951-ec9e-47ca-9e25-0c4ec6c6bf33 (~1861tok)
[86/1487] df098768-25d9-4ed2-91a9-f4e594b27d3f (~1861tok)
[87/1487] fbb10073-2c30-40b0-acae-3f21649b5b85 (~1850tok)
[88/1487] 1d5f6555-4c7d-4710-a92d-fb04cd7ec9a9 (~1849tok)
[89/1487] 83f8a992-8c3c-4bdb-a5f0-f16b5bfbcb46 (~1846tok)
[90/1487] 721d5880-5e72-42cf-8b29-c9de31235bb6 (~1844tok)
[91/1487] 41afd1ea-2a7b-4d97-9d9e-f4a3145f868e (~1819tok)
[92/1487] 8c2f8ec3-2794-49a0-b64f-b84761c0e531 (~1789tok)
[93/1487] bf61a700-8fe7-43e0-aa58-86fb33204c3d (~1773tok)
[94/1487] abce48be-ce7c-43fb-ab8f-f9e261bf9727 (~1763tok)
[95/1487] f8fdd676-cd62-4614-8bfa-2587da6eb55a (~1756tok)
[96/1487] da619e97-5426-4acf-bba2-a8485f62e261 (~1740tok)
[97/1487] b85f5722-986f-4fd7-84af-7b23e2fad3ea (~1703tok)
[98/1487] 19f9e968-77bf-48e0-91a8-5f23e3887b53 (~1697tok)
